\BOOKMARK [0][-]{chapter.1}{24.10.2011}{}
\BOOKMARK [1][-]{section.1.1}{Induzierte Topologie}{chapter.1}
\BOOKMARK [1][-]{section.1.2}{Offen und abgeschlossen}{chapter.1}
\BOOKMARK [1][-]{section.1.3}{Basis der von der Standardmetrik auf dem Rn definierten Topologie}{chapter.1}
\BOOKMARK [1][-]{section.1.4}{Teilraumtopologie}{chapter.1}
\BOOKMARK [1][-]{section.1.5}{Homotopie\344quivalenz}{chapter.1}
\BOOKMARK [0][-]{chapter.2}{31.10.2011}{}
\BOOKMARK [1][-]{section.2.1}{Universelle Eigenschaft der Teilraumtopologie}{chapter.2}
\BOOKMARK [1][-]{section.2.2}{Hom\366omorphismen}{chapter.2}
\BOOKMARK [1][-]{section.2.3}{Die Peano-Kurve}{chapter.2}
\BOOKMARK [0][-]{chapter.3}{07.11.2011}{}
\BOOKMARK [1][-]{section.3.1}{Nachtr\344ge und Wiederholungen zur Vorlesung}{chapter.3}
\BOOKMARK [0][-]{chapter.4}{14.11.2011}{}
\BOOKMARK [1][-]{section.4.1}{Beispiele f\374r Beweise im Kontext von Hausdorffr\344umen}{chapter.4}
\BOOKMARK [1][-]{section.4.2}{Beispiele f\374r Mannigfaltigkeiten}{chapter.4}
\BOOKMARK [0][-]{chapter.5}{21.11.11}{}
\BOOKMARK [1][-]{section.5.1}{Untermannigfaltigkeiten}{chapter.5}
\BOOKMARK [1][-]{section.5.2}{Wichtige Spezialf\344lle \(und Beispiele\) von Untermannigfaltigkeiten}{chapter.5}
\BOOKMARK [0][-]{chapter.6}{05.12.2011}{}
\BOOKMARK [1][-]{section.6.1}{Homotopie\344quivalenzen}{chapter.6}
\BOOKMARK [1][-]{section.6.2}{Beispiele zu Homotopien}{chapter.6}
\BOOKMARK [1][-]{section.6.3}{Kontrahierbarkeit}{chapter.6}
\BOOKMARK [1][-]{section.6.4}{Deformationsretrakte}{chapter.6}
