This is pdfTeXk, Version 3.141592-1.40.3 (Web2C 7.5.6) (format=pdflatex 2012.1.25)  6 FEB 2012 17:00
entering extended mode
 %&-line parsing enabled.
**mitschrieb_geotopo_uebung.tex
(./mitschrieb_geotopo_uebung.tex
LaTeX2e <2005/12/01>
Babel <v3.8h> and hyphenation patterns for english, usenglishmax, dumylang, noh
yphenation, arabic, basque, bulgarian, coptic, welsh, czech, slovak, german, ng
erman, danish, esperanto, spanish, catalan, galician, estonian, farsi, finnish,
 french, greek, monogreek, ancientgreek, croatian, hungarian, interlingua, ibyc
us, indonesian, icelandic, italian, latin, mongolian, dutch, norsk, polish, por
tuguese, pinyin, romanian, russian, slovenian, uppersorbian, serbian, swedish, 
turkish, ukenglish, ukrainian, loaded.
(/usr/share/texmf/tex/latex/base/report.cls
Document Class: report 2005/09/16 v1.4f Standard LaTeX document class
(/usr/share/texmf/tex/latex/base/size11.clo
File: size11.clo 2005/09/16 v1.4f Standard LaTeX file (size option)
)
\c@part=\count79
\c@chapter=\count80
\c@section=\count81
\c@subsection=\count82
\c@subsubsection=\count83
\c@paragraph=\count84
\c@subparagraph=\count85
\c@figure=\count86
\c@table=\count87
\abovecaptionskip=\skip41
\belowcaptionskip=\skip42
\bibindent=\dimen102
)
(/usr/share/texmf/tex/latex/graphics/graphicx.sty
Package: graphicx 1999/02/16 v1.0f Enhanced LaTeX Graphics (DPC,SPQR)

(/usr/share/texmf/tex/latex/graphics/keyval.sty
Package: keyval 1999/03/16 v1.13 key=value parser (DPC)
\KV@toks@=\toks14
)
(/usr/share/texmf/tex/latex/graphics/graphics.sty
Package: graphics 2006/02/20 v1.0o Standard LaTeX Graphics (DPC,SPQR)

(/usr/share/texmf/tex/latex/graphics/trig.sty
Package: trig 1999/03/16 v1.09 sin cos tan (DPC)
)
(/usr/share/texmf/tex/latex/config/graphics.cfg
File: graphics.cfg 2007/01/18 v1.5 graphics configuration of teTeX/TeXLive
)
Package graphics Info: Driver file: pdftex.def on input line 90.

(/usr/share/texmf/tex/latex/pdftex-def/pdftex.def
File: pdftex.def 2007/01/08 v0.04d Graphics/color for pdfTeX
\Gread@gobject=\count88
))
\Gin@req@height=\dimen103
\Gin@req@width=\dimen104
)
(/usr/share/texmf/tex/latex/base/inputenc.sty
Package: inputenc 2006/05/05 v1.1b Input encoding file
\inpenc@prehook=\toks15
\inpenc@posthook=\toks16

(/usr/share/texmf/tex/latex/base/utf8.def
File: utf8.def 2006/03/30 v1.1i UTF-8 support for inputenc
Now handling font encoding OML ...
... no UTF-8 mapping file for font encoding OML
Now handling font encoding T1 ...
... processing UTF-8 mapping file for font encodingT1

(/usr/share/texmf/tex/latex/base/t1enc.dfu
File: t1enc.dfu 2006/03/30 v1.1i UTF-8 support for inputenc
   defining Unicode char U+00A1 (decimal 161)
   defining Unicode char U+00A3 (decimal 163)
   defining Unicode char U+00AB (decimal 171)
   defining Unicode char U+00BB (decimal 187)
   defining Unicode char U+00BF (decimal 191)
   defining Unicode char U+00C0 (decimal 192)
   defining Unicode char U+00C1 (decimal 193)
   defining Unicode char U+00C2 (decimal 194)
   defining Unicode char U+00C3 (decimal 195)
   defining Unicode char U+00C4 (decimal 196)
   defining Unicode char U+00C5 (decimal 197)
   defining Unicode char U+00C6 (decimal 198)
   defining Unicode char U+00C7 (decimal 199)
   defining Unicode char U+00C8 (decimal 200)
   defining Unicode char U+00C9 (decimal 201)
   defining Unicode char U+00CA (decimal 202)
   defining Unicode char U+00CB (decimal 203)
   defining Unicode char U+00CC (decimal 204)
   defining Unicode char U+00CD (decimal 205)
   defining Unicode char U+00CE (decimal 206)
   defining Unicode char U+00CF (decimal 207)
   defining Unicode char U+00D0 (decimal 208)
   defining Unicode char U+00D1 (decimal 209)
   defining Unicode char U+00D2 (decimal 210)
   defining Unicode char U+00D3 (decimal 211)
   defining Unicode char U+00D4 (decimal 212)
   defining Unicode char U+00D5 (decimal 213)
   defining Unicode char U+00D6 (decimal 214)
   defining Unicode char U+00D8 (decimal 216)
   defining Unicode char U+00D9 (decimal 217)
   defining Unicode char U+00DA (decimal 218)
   defining Unicode char U+00DB (decimal 219)
   defining Unicode char U+00DC (decimal 220)
   defining Unicode char U+00DD (decimal 221)
   defining Unicode char U+00DE (decimal 222)
   defining Unicode char U+00DF (decimal 223)
   defining Unicode char U+00E0 (decimal 224)
   defining Unicode char U+00E1 (decimal 225)
   defining Unicode char U+00E2 (decimal 226)
   defining Unicode char U+00E3 (decimal 227)
   defining Unicode char U+00E4 (decimal 228)
   defining Unicode char U+00E5 (decimal 229)
   defining Unicode char U+00E6 (decimal 230)
   defining Unicode char U+00E7 (decimal 231)
   defining Unicode char U+00E8 (decimal 232)
   defining Unicode char U+00E9 (decimal 233)
   defining Unicode char U+00EA (decimal 234)
   defining Unicode char U+00EB (decimal 235)
   defining Unicode char U+00EC (decimal 236)
   defining Unicode char U+00ED (decimal 237)
   defining Unicode char U+00EE (decimal 238)
   defining Unicode char U+00EF (decimal 239)
   defining Unicode char U+00F0 (decimal 240)
   defining Unicode char U+00F1 (decimal 241)
   defining Unicode char U+00F2 (decimal 242)
   defining Unicode char U+00F3 (decimal 243)
   defining Unicode char U+00F4 (decimal 244)
   defining Unicode char U+00F5 (decimal 245)
   defining Unicode char U+00F6 (decimal 246)
   defining Unicode char U+00F8 (decimal 248)
   defining Unicode char U+00F9 (decimal 249)
   defining Unicode char U+00FA (decimal 250)
   defining Unicode char U+00FB (decimal 251)
   defining Unicode char U+00FC (decimal 252)
   defining Unicode char U+00FD (decimal 253)
   defining Unicode char U+00FE (decimal 254)
   defining Unicode char U+00FF (decimal 255)
   defining Unicode char U+0102 (decimal 258)
   defining Unicode char U+0103 (decimal 259)
   defining Unicode char U+0104 (decimal 260)
   defining Unicode char U+0105 (decimal 261)
   defining Unicode char U+0106 (decimal 262)
   defining Unicode char U+0107 (decimal 263)
   defining Unicode char U+010C (decimal 268)
   defining Unicode char U+010D (decimal 269)
   defining Unicode char U+010E (decimal 270)
   defining Unicode char U+010F (decimal 271)
   defining Unicode char U+0110 (decimal 272)
   defining Unicode char U+0111 (decimal 273)
   defining Unicode char U+0118 (decimal 280)
   defining Unicode char U+0119 (decimal 281)
   defining Unicode char U+011A (decimal 282)
   defining Unicode char U+011B (decimal 283)
   defining Unicode char U+011E (decimal 286)
   defining Unicode char U+011F (decimal 287)
   defining Unicode char U+0130 (decimal 304)
   defining Unicode char U+0131 (decimal 305)
   defining Unicode char U+0132 (decimal 306)
   defining Unicode char U+0133 (decimal 307)
   defining Unicode char U+0139 (decimal 313)
   defining Unicode char U+013A (decimal 314)
   defining Unicode char U+013D (decimal 317)
   defining Unicode char U+013E (decimal 318)
   defining Unicode char U+0141 (decimal 321)
   defining Unicode char U+0142 (decimal 322)
   defining Unicode char U+0143 (decimal 323)
   defining Unicode char U+0144 (decimal 324)
   defining Unicode char U+0147 (decimal 327)
   defining Unicode char U+0148 (decimal 328)
   defining Unicode char U+014A (decimal 330)
   defining Unicode char U+014B (decimal 331)
   defining Unicode char U+0150 (decimal 336)
   defining Unicode char U+0151 (decimal 337)
   defining Unicode char U+0152 (decimal 338)
   defining Unicode char U+0153 (decimal 339)
   defining Unicode char U+0154 (decimal 340)
   defining Unicode char U+0155 (decimal 341)
   defining Unicode char U+0158 (decimal 344)
   defining Unicode char U+0159 (decimal 345)
   defining Unicode char U+015A (decimal 346)
   defining Unicode char U+015B (decimal 347)
   defining Unicode char U+015E (decimal 350)
   defining Unicode char U+015F (decimal 351)
   defining Unicode char U+0160 (decimal 352)
   defining Unicode char U+0161 (decimal 353)
   defining Unicode char U+0162 (decimal 354)
   defining Unicode char U+0163 (decimal 355)
   defining Unicode char U+0164 (decimal 356)
   defining Unicode char U+0165 (decimal 357)
   defining Unicode char U+016E (decimal 366)
   defining Unicode char U+016F (decimal 367)
   defining Unicode char U+0170 (decimal 368)
   defining Unicode char U+0171 (decimal 369)
   defining Unicode char U+0178 (decimal 376)
   defining Unicode char U+0179 (decimal 377)
   defining Unicode char U+017A (decimal 378)
   defining Unicode char U+017B (decimal 379)
   defining Unicode char U+017C (decimal 380)
   defining Unicode char U+017D (decimal 381)
   defining Unicode char U+017E (decimal 382)
   defining Unicode char U+200C (decimal 8204)
   defining Unicode char U+2013 (decimal 8211)
   defining Unicode char U+2014 (decimal 8212)
   defining Unicode char U+2018 (decimal 8216)
   defining Unicode char U+2019 (decimal 8217)
   defining Unicode char U+201A (decimal 8218)
   defining Unicode char U+201C (decimal 8220)
   defining Unicode char U+201D (decimal 8221)
   defining Unicode char U+201E (decimal 8222)
   defining Unicode char U+2030 (decimal 8240)
   defining Unicode char U+2031 (decimal 8241)
   defining Unicode char U+2039 (decimal 8249)
   defining Unicode char U+203A (decimal 8250)
   defining Unicode char U+2423 (decimal 9251)
)
Now handling font encoding OT1 ...
... processing UTF-8 mapping file for font encodingOT1

(/usr/share/texmf/tex/latex/base/ot1enc.dfu
File: ot1enc.dfu 2006/03/30 v1.1i UTF-8 support for inputenc
   defining Unicode char U+00A1 (decimal 161)
   defining Unicode char U+00A3 (decimal 163)
   defining Unicode char U+00B8 (decimal 184)
   defining Unicode char U+00BF (decimal 191)
   defining Unicode char U+00C5 (decimal 197)
   defining Unicode char U+00C6 (decimal 198)
   defining Unicode char U+00D8 (decimal 216)
   defining Unicode char U+00DF (decimal 223)
   defining Unicode char U+00E6 (decimal 230)
   defining Unicode char U+00EC (decimal 236)
   defining Unicode char U+00ED (decimal 237)
   defining Unicode char U+00EE (decimal 238)
   defining Unicode char U+00EF (decimal 239)
   defining Unicode char U+00F8 (decimal 248)
   defining Unicode char U+0131 (decimal 305)
   defining Unicode char U+0141 (decimal 321)
   defining Unicode char U+0142 (decimal 322)
   defining Unicode char U+0152 (decimal 338)
   defining Unicode char U+0153 (decimal 339)
   defining Unicode char U+2013 (decimal 8211)
   defining Unicode char U+2014 (decimal 8212)
   defining Unicode char U+2018 (decimal 8216)
   defining Unicode char U+2019 (decimal 8217)
   defining Unicode char U+201C (decimal 8220)
   defining Unicode char U+201D (decimal 8221)
)
Now handling font encoding OMS ...
... processing UTF-8 mapping file for font encodingOMS

(/usr/share/texmf/tex/latex/base/omsenc.dfu
File: omsenc.dfu 2006/03/30 v1.1i UTF-8 support for inputenc
   defining Unicode char U+00A7 (decimal 167)
   defining Unicode char U+00B6 (decimal 182)
   defining Unicode char U+00B7 (decimal 183)
   defining Unicode char U+2020 (decimal 8224)
   defining Unicode char U+2021 (decimal 8225)
   defining Unicode char U+2022 (decimal 8226)
)
Now handling font encoding OMX ...
... no UTF-8 mapping file for font encoding OMX
Now handling font encoding U ...
... no UTF-8 mapping file for font encoding U
   defining Unicode char U+00A9 (decimal 169)
   defining Unicode char U+00AA (decimal 170)
   defining Unicode char U+00AE (decimal 174)
   defining Unicode char U+00BA (decimal 186)
   defining Unicode char U+02C6 (decimal 710)
   defining Unicode char U+02DC (decimal 732)
   defining Unicode char U+200C (decimal 8204)
   defining Unicode char U+2026 (decimal 8230)
   defining Unicode char U+2122 (decimal 8482)
   defining Unicode char U+2423 (decimal 9251)
))
(/usr/share/texmf/tex/latex/base/fontenc.sty
Package: fontenc 2005/09/27 v1.99g Standard LaTeX package

(/usr/share/texmf/tex/latex/base/t1enc.def
File: t1enc.def 2005/09/27 v1.99g Standard LaTeX file
LaTeX Font Info:    Redeclaring font encoding T1 on input line 43.
))
(/usr/share/texmf/tex/generic/babel/babel.sty
Package: babel 2005/11/23 v3.8h The Babel package

(/usr/share/texmf/tex/generic/babel/ngermanb.ldf
Language: ngermanb 2004/02/20 v2.6m new German support from the babel system

(/usr/share/texmf/tex/generic/babel/babel.def
File: babel.def 2005/11/23 v3.8h Babel common definitions
\babel@savecnt=\count89
\U@D=\dimen105
)
\l@naustrian = a dialect from \language\l@ngerman 
Package babel Info: Making " an active character on input line 92.
))
(/usr/share/texmf/tex/latex/germbib/bibgerm.sty
Package: bibgerm 2000/08/18 v0.1 Support for mixed language bibliographies

** Macros for german `BibTeX'ing added to Style Option `german' 20 Apr 1993 **
** idea and languages `german' and `USenglish' implemented by M. Wallmeier **
** Modified for LaTeX 2e and german.sty 2.5b by A. Scherer 1 Nov 1995 **
** Modified for ngerman.sty and babel.sty by H. Harders 21 August 2000 **)
(/usr/share/texmf/tex/latex/amsmath/amsmath.sty
Package: amsmath 2000/07/18 v2.13 AMS math features
\@mathmargin=\skip43

For additional information on amsmath, use the `?' option.
(/usr/share/texmf/tex/latex/amsmath/amstext.sty
Package: amstext 2000/06/29 v2.01

(/usr/share/texmf/tex/latex/amsmath/amsgen.sty
File: amsgen.sty 1999/11/30 v2.0
\@emptytoks=\toks17
\ex@=\dimen106
))
(/usr/share/texmf/tex/latex/amsmath/amsbsy.sty
Package: amsbsy 1999/11/29 v1.2d
\pmbraise@=\dimen107
)
(/usr/share/texmf/tex/latex/amsmath/amsopn.sty
Package: amsopn 1999/12/14 v2.01 operator names
)
\inf@bad=\count90
LaTeX Info: Redefining \frac on input line 211.
\uproot@=\count91
\leftroot@=\count92
LaTeX Info: Redefining \overline on input line 307.
\classnum@=\count93
\DOTSCASE@=\count94
LaTeX Info: Redefining \ldots on input line 379.
LaTeX Info: Redefining \dots on input line 382.
LaTeX Info: Redefining \cdots on input line 467.
\Mathstrutbox@=\box26
\strutbox@=\box27
\big@size=\dimen108
LaTeX Font Info:    Redeclaring font encoding OML on input line 567.
LaTeX Font Info:    Redeclaring font encoding OMS on input line 568.
\macc@depth=\count95
\c@MaxMatrixCols=\count96
\dotsspace@=\muskip10
\c@parentequation=\count97
\dspbrk@lvl=\count98
\tag@help=\toks18
\row@=\count99
\column@=\count100
\maxfields@=\count101
\andhelp@=\toks19
\eqnshift@=\dimen109
\alignsep@=\dimen110
\tagshift@=\dimen111
\tagwidth@=\dimen112
\totwidth@=\dimen113
\lineht@=\dimen114
\@envbody=\toks20
\multlinegap=\skip44
\multlinetaggap=\skip45
\mathdisplay@stack=\toks21
LaTeX Info: Redefining \[ on input line 2666.
LaTeX Info: Redefining \] on input line 2667.
)
(/usr/share/texmf/tex/latex/amsfonts/amssymb.sty
Package: amssymb 2002/01/22 v2.2d

(/usr/share/texmf/tex/latex/amsfonts/amsfonts.sty
Package: amsfonts 2001/10/25 v2.2f
\symAMSa=\mathgroup4
\symAMSb=\mathgroup5
LaTeX Font Info:    Overwriting math alphabet `\mathfrak' in version `bold'
(Font)                  U/euf/m/n --> U/euf/b/n on input line 132.
))
(/usr/share/texmf/tex/latex/amscls/amsthm.sty
Package: amsthm 2004/08/06 v2.20
\thm@style=\toks22
\thm@bodyfont=\toks23
\thm@headfont=\toks24
\thm@notefont=\toks25
\thm@headpunct=\toks26
\thm@preskip=\skip46
\thm@postskip=\skip47
\thm@headsep=\skip48
\dth@everypar=\toks27
)
(/usr/share/texmf/tex/latex/graphics/color.sty
Package: color 2005/11/14 v1.0j Standard LaTeX Color (DPC)

(/usr/share/texmf/tex/latex/config/color.cfg
File: color.cfg 2007/01/18 v1.5 color configuration of teTeX/TeXLive
)
Package color Info: Driver file: pdftex.def on input line 130.
)
(/usr/share/texmf/tex/latex/tools/enumerate.sty
Package: enumerate 1999/03/05 v3.00 enumerate extensions (DPC)
\@enLab=\toks28
)
(/usr/share/texmf/tex/latex/tools/tabularx.sty
Package: tabularx 1999/01/07 v2.07 `tabularx' package (DPC)

(/usr/share/texmf/tex/latex/tools/array.sty
Package: array 2005/08/23 v2.4b Tabular extension package (FMi)
\col@sep=\dimen115
\extrarowheight=\dimen116
\NC@list=\toks29
\extratabsurround=\skip49
\backup@length=\skip50
)
\TX@col@width=\dimen117
\TX@old@table=\dimen118
\TX@old@col=\dimen119
\TX@target=\dimen120
\TX@delta=\dimen121
\TX@cols=\count102
\TX@ftn=\toks30
)
(/usr/share/texmf/tex/latex/subfig/subfig.sty
Package: subfig 2005/06/28 ver: 1.3 subfig package

(/usr/share/texmf/tex/latex/caption/caption.sty
Package: caption 2007/01/07 v3.0k Customising captions (AR)

(/usr/share/texmf/tex/latex/caption/caption3.sty
Package: caption3 2007/01/07 v3.0k caption3 kernel (AR)
\captionmargin=\dimen122
\captionmarginx=\dimen123
\captionwidth=\dimen124
\captionindent=\dimen125
\captionparindent=\dimen126
\captionhangindent=\dimen127
))
\c@KVtest=\count103
\sf@farskip=\skip51
\sf@captopadj=\dimen128
\sf@capskip=\skip52
\sf@nearskip=\skip53
\c@subfigure=\count104
\c@subfigure@save=\count105
\c@lofdepth=\count106
\c@subtable=\count107
\c@subtable@save=\count108
\c@lotdepth=\count109
\sf@top=\skip54
\sf@bottom=\skip55
)
(/usr/share/texmf/tex/latex/fancyhdr/fancyhdr.sty
\fancy@headwidth=\skip56
\f@ncyO@elh=\skip57
\f@ncyO@erh=\skip58
\f@ncyO@olh=\skip59
\f@ncyO@orh=\skip60
\f@ncyO@elf=\skip61
\f@ncyO@erf=\skip62
\f@ncyO@olf=\skip63
\f@ncyO@orf=\skip64
)
(/usr/share/texmf/tex/latex/was/upgreek.sty
Package: upgreek 2003/02/12 v2.0 (WaS)
Package upgreek Info: Using Euler Roman for upright Greek on input line 31.
\symugrf@m=\mathgroup6
LaTeX Font Info:    Overwriting symbol font `ugrf@m' in version `bold'
(Font)                  U/eur/m/n --> U/eur/b/n on input line 38.
)
(/usr/share/texmf/tex/latex/hyperref/hyperref.sty
Package: hyperref 2007/02/07 v6.75r Hypertext links for LaTeX
\@linkdim=\dimen129
\Hy@linkcounter=\count110
\Hy@pagecounter=\count111

(/usr/share/texmf/tex/latex/hyperref/pd1enc.def
File: pd1enc.def 2007/02/07 v6.75r Hyperref: PDFDocEncoding definition (HO)
Now handling font encoding PD1 ...
... no UTF-8 mapping file for font encoding PD1
)
(/usr/share/texmf/tex/latex/config/hyperref.cfg
File: hyperref.cfg 2002/06/06 v1.2 hyperref configuration of TeXLive
)
(/usr/share/texmf/tex/latex/oberdiek/kvoptions.sty
Package: kvoptions 2006/08/22 v2.4 Connects package keyval with LaTeX options (
HO)
)
Package hyperref Info: Option `pdfpagelabels' set `true' on input line 2238.
Package hyperref Info: Option `colorlinks' set `true' on input line 2238.
Package hyperref Info: Hyper figures OFF on input line 2288.
Package hyperref Info: Link nesting OFF on input line 2293.
Package hyperref Info: Hyper index ON on input line 2296.
Package hyperref Info: Plain pages OFF on input line 2303.
Package hyperref Info: Backreferencing ON on input line 2306.

Implicit mode ON; LaTeX internals redefined
Package hyperref Info: Bookmarks ON on input line 2444.
(/usr/share/texmf/tex/latex/hyperref/backref.sty
Package: backref 2006/10/06 v1.27 Bibliographical back referencing
)
(/usr/share/texmf/tex/latex/ltxmisc/url.sty
\Urlmuskip=\muskip11
Package: url 2005/06/27  ver 3.2  Verb mode for urls, etc.
)
LaTeX Info: Redefining \url on input line 2599.
\Fld@menulength=\count112
\Field@Width=\dimen130
\Fld@charsize=\dimen131
\Choice@toks=\toks31
\Field@toks=\toks32
Package hyperref Info: Hyper figures OFF on input line 3102.
Package hyperref Info: Link nesting OFF on input line 3107.
Package hyperref Info: Hyper index ON on input line 3110.
Package hyperref Info: backreferencing ON on input line 3115.
Package hyperref Info: Link coloring ON on input line 3120.
\Hy@abspage=\count113
\c@Item=\count114
)
*hyperref using driver hpdftex*
(/usr/share/texmf/tex/latex/hyperref/hpdftex.def
File: hpdftex.def 2007/02/07 v6.75r Hyperref driver for pdfTeX
\Fld@listcount=\count115
)
(/usr/share/texmf/tex/latex/pgf/frontendlayer/tikz.sty
(/usr/share/texmf/tex/latex/pgf/basiclayer/pgf.sty
(/usr/share/texmf/tex/latex/pgf/utilities/pgfrcs.sty
(/usr/share/texmf/tex/generic/pgf/utilities/pgfutil-common.tex)
(/usr/share/texmf/tex/generic/pgf/utilities/pgfutil-latex.def)
(/usr/share/texmf/tex/generic/pgf/utilities/pgfrcs.code.tex
Package: pgfrcs 2006/10/26 v1.10 (rcs-revision 1.14)
))
Package: pgf 2006/10/11 v1.10 (rcs-revision 1.7)

(/usr/share/texmf/tex/latex/pgf/basiclayer/pgfcore.sty
(/usr/share/texmf/tex/latex/pgf/systemlayer/pgfsys.sty
(/usr/share/texmf/tex/generic/pgf/systemlayer/pgfsys.code.tex
Package: pgfsys 2006/10/16 v1.10 (rcs-revision 1.19)
\pgf@x=\dimen132
\pgf@y=\dimen133
\pgf@xa=\dimen134
\pgf@ya=\dimen135
\pgf@xb=\dimen136
\pgf@yb=\dimen137
\pgf@xc=\dimen138
\pgf@yc=\dimen139

(/usr/share/texmf/tex/generic/pgf/systemlayer/pgf.cfg
File: pgf.cfg 2006/10/11  (rcs-revision 1.2)
)
Package pgfsys Info: Driver file for pgf: pgfsys-pdftex.def on input line 845.

(/usr/share/texmf/tex/generic/pgf/systemlayer/pgfsys-pdftex.def
File: pgfsys-pdftex.def 2006/10/23  (rcs-revision 1.14)

(/usr/share/texmf/tex/generic/pgf/systemlayer/pgfsys-common-pdf.def
File: pgfsys-common-pdf.def 2006/10/16  (rcs-revision 1.7)
)))
(/usr/share/texmf/tex/generic/pgf/systemlayer/pgfsyssoftpath.code.tex
File: pgfsyssoftpath.code.tex 2006/10/16  (rcs-revision 1.4)
)
(/usr/share/texmf/tex/generic/pgf/systemlayer/pgfsysprotocol.code.tex
File: pgfsysprotocol.code.tex 2006/10/16  (rcs-revision 1.4)
))
(/usr/share/texmf/tex/latex/xcolor/xcolor.sty
Package: xcolor 2007/01/21 v2.11 LaTeX color extensions (UK)

(/usr/share/texmf/tex/latex/config/color.cfg
File: color.cfg 2007/01/18 v1.5 color configuration of teTeX/TeXLive
)
Package xcolor Info: Driver file: pdftex.def on input line 225.
LaTeX Info: Redefining \color on input line 702.
Package xcolor Info: Model `cmy' substituted by `cmy0' on input line 1337.
Package xcolor Info: Model `hsb' substituted by `rgb' on input line 1341.
Package xcolor Info: Model `RGB' extended on input line 1353.
Package xcolor Info: Model `HTML' substituted by `rgb' on input line 1355.
Package xcolor Info: Model `Hsb' substituted by `hsb' on input line 1356.
Package xcolor Info: Model `tHsb' substituted by `hsb' on input line 1357.
Package xcolor Info: Model `HSB' substituted by `hsb' on input line 1358.
Package xcolor Info: Model `Gray' substituted by `gray' on input line 1359.
Package xcolor Info: Model `wave' substituted by `hsb' on input line 1360.
)
(/usr/share/texmf/tex/generic/pgf/basiclayer/pgfcore.code.tex
Package: pgfcore 2006/10/11 v1.10 (rcs-revision 1.4)

(/usr/share/texmf/tex/generic/pgf/basiclayer/pgfcoremath.code.tex
File: pgfcoremath.code.tex 2006/10/15  (rcs-revision 1.3)
\c@pgf@counta=\count116
\c@pgf@countb=\count117
\c@pgf@countc=\count118
\c@pgf@countd=\count119
)
(/usr/share/texmf/tex/generic/pgf/basiclayer/pgfcorepoints.code.tex
File: pgfcorepoints.code.tex 2006/10/16  (rcs-revision 1.7)
\pgf@picminx=\dimen140
\pgf@picmaxx=\dimen141
\pgf@picminy=\dimen142
\pgf@picmaxy=\dimen143
\pgf@pathminx=\dimen144
\pgf@pathmaxx=\dimen145
\pgf@pathminy=\dimen146
\pgf@pathmaxy=\dimen147
\pgf@tempdim=\dimen148
\c@pgf@tempcount=\count120
\pgf@xx=\dimen149
\pgf@xy=\dimen150
\pgf@yx=\dimen151
\pgf@yy=\dimen152
\pgf@zx=\dimen153
\pgf@zy=\dimen154
)
(/usr/share/texmf/tex/generic/pgf/basiclayer/pgfcorepathconstruct.code.tex
File: pgfcorepathconstruct.code.tex 2006/10/16  (rcs-revision 1.6)
\pgf@path@lastx=\dimen155
\pgf@path@lasty=\dimen156
)
(/usr/share/texmf/tex/generic/pgf/basiclayer/pgfcorepathusage.code.tex
File: pgfcorepathusage.code.tex 2006/10/16  (rcs-revision 1.7)
\pgf@shorten@end@additional=\dimen157
\pgf@shorten@start@additional=\dimen158
)
(/usr/share/texmf/tex/generic/pgf/basiclayer/pgfcorescopes.code.tex
File: pgfcorescopes.code.tex 2006/10/23  (rcs-revision 1.20)
\pgfpic=\box28
\pgf@hbox=\box29
\pgf@layerbox@main=\box30
\pgf@picture@serial@count=\count121
)
(/usr/share/texmf/tex/generic/pgf/basiclayer/pgfcoregraphicstate.code.tex
File: pgfcoregraphicstate.code.tex 2006/10/16  (rcs-revision 1.6)
\pgflinewidth=\dimen159
)
(/usr/share/texmf/tex/generic/pgf/basiclayer/pgfcoretransformations.code.tex
File: pgfcoretransformations.code.tex 2006/10/11  (rcs-revision 1.4)
\pgf@pt@x=\dimen160
\pgf@pt@y=\dimen161
\pgf@pt@temp=\dimen162
)
(/usr/share/texmf/tex/generic/pgf/basiclayer/pgfcorequick.code.tex
File: pgfcorequick.code.tex 2006/10/11  (rcs-revision 1.2)
)
(/usr/share/texmf/tex/generic/pgf/basiclayer/pgfcoreobjects.code.tex
File: pgfcoreobjects.code.tex 2006/10/11  (rcs-revision 1.2)
)
(/usr/share/texmf/tex/generic/pgf/basiclayer/pgfcorepathprocessing.code.tex
File: pgfcorepathprocessing.code.tex 2006/10/16  (rcs-revision 1.5)
)
(/usr/share/texmf/tex/generic/pgf/basiclayer/pgfcorearrows.code.tex
File: pgfcorearrows.code.tex 2006/10/16  (rcs-revision 1.6)
)
(/usr/share/texmf/tex/generic/pgf/basiclayer/pgfcoreshade.code.tex
File: pgfcoreshade.code.tex 2006/10/16  (rcs-revision 1.7)
\pgf@max=\dimen163
\pgf@sys@shading@range@num=\count122
)))
(/usr/share/texmf/tex/latex/pgf/basiclayer/pgfbaseshapes.sty
(/usr/share/texmf/tex/generic/pgf/basiclayer/pgfbaseshapes.code.tex
Package: pgfbaseshapes 2006/10/16 v1.10 (rcs-revision 1.16)
\pgfnodeparttextbox=\box31
))
(/usr/share/texmf/tex/latex/pgf/basiclayer/pgfbaseplot.sty
(/usr/share/texmf/tex/generic/pgf/basiclayer/pgfbaseplot.code.tex
Package: pgfbaseplot 2006/10/16 v1.10 (rcs-revision 1.5)
\pgf@plotwrite=\write3
))
(/usr/share/texmf/tex/latex/pgf/basiclayer/pgfbaseimage.sty
(/usr/share/texmf/tex/generic/pgf/basiclayer/pgfbaseimage.code.tex
Package: pgfbaseimage 2006/10/16 v1.10 (rcs-revision 1.5)
))
(/usr/share/texmf/tex/latex/pgf/basiclayer/pgfbaselayers.sty
(/usr/share/texmf/tex/generic/pgf/basiclayer/pgfbaselayers.code.tex
Package: pgfbaselayers 2006/10/16 v1.10 (rcs-revision 1.5)
))
(/usr/share/texmf/tex/latex/pgf/basiclayer/pgfbasesnakes.sty
(/usr/share/texmf/tex/generic/pgf/basiclayer/pgfbasesnakes.code.tex
Package: pgfbasesnakes 2006/10/16 v1.10 (rcs-revision 1.10)
\pgfsnakeremainingdistance=\dimen164
\pgfsnakecompleteddistance=\dimen165
))
(/usr/share/texmf/tex/latex/pgf/basiclayer/pgfbasepatterns.sty
(/usr/share/texmf/tex/generic/pgf/basiclayer/pgfbasepatterns.code.tex
Package: pgfbasepatterns 2006/10/16 v1.10 (rcs-revision 1.9)
))
(/usr/share/texmf/tex/latex/pgf/compatibility/pgfcomp-version-0-65.sty
Package: pgfcomp-version-0-65 2006/10/11 v1.10 (rcs-revision 1.4)
\pgf@nodesepstart=\dimen166
\pgf@nodesepend=\dimen167
))
(/usr/share/texmf/tex/latex/tools/calc.sty
Package: calc 2005/08/06 v4.2 Infix arithmetic (KKT,FJ)
\calc@Acount=\count123
\calc@Bcount=\count124
\calc@Adimen=\dimen168
\calc@Bdimen=\dimen169
\calc@Askip=\skip65
\calc@Bskip=\skip66
LaTeX Info: Redefining \setlength on input line 75.
LaTeX Info: Redefining \addtolength on input line 76.
\calc@Ccount=\count125
\calc@Cskip=\skip67
)
(/usr/share/texmf/tex/latex/pgf/utilities/pgffor.sty
(/usr/share/texmf/tex/generic/pgf/utilities/pgffor.code.tex
Package: pgffor 2006/10/16 v1.10 (rcs-revision 1.5)
\pgffor@iter=\dimen170
\pgffor@skip=\dimen171
))
(/usr/share/texmf/tex/latex/xkeyval/xkeyval.sty
Package: xkeyval 2006/11/18 v2.5f package option processing (HA)

(/usr/share/texmf/tex/latex/xkeyval/xkeyval.tex
\XKV@toks=\toks33
\XKV@depth=\count126
File: xkeyval.tex 2006/11/18 v2.5f key=value parser (HA)
))
(/usr/share/texmf/tex/generic/pgf/frontendlayer/tikz.code.tex
Package: tikz 2006/10/17 v1.10 (rcs-revision 1.68)

(/usr/share/texmf/tex/generic/pgf/libraries/pgflibraryplothandlers.code.tex
File: pgflibraryplothandlers.code.tex 2006/10/16 v1.10 (rcs-revision 1.8)
\pgf@plot@mark@count=\count127
\pgfplotmarksize=\dimen172
)
\tikz@lastx=\dimen173
\tikz@lasty=\dimen174
\tikz@lastxsaved=\dimen175
\tikz@lastysaved=\dimen176
\tikzleveldistance=\dimen177
\tikzsiblingdistance=\dimen178
\tikz@figbox=\box32
\tikz@tempbox=\box33
\tikztreelevel=\count128
\tikznumberofchildren=\count129
\tikznumberofcurrentchild=\count130
\tikz@fig@count=\count131
\tikz@expandcount=\count132

(/usr/share/texmf/tex/generic/pgf/libraries/pgflibrarytikztopaths.code.tex
File: pgflibrarytikztopaths.code.tex 2006/10/16 v1.10 (rcs-revision 1.5)
)))
(/usr/share/texmf/tex/latex/lm/lmodern.sty
Package: lmodern 2007/01/14 v1.3 Latin Modern Fonts
LaTeX Font Info:    Overwriting symbol font `operators' in version `normal'
(Font)                  OT1/cmr/m/n --> OT1/lmr/m/n on input line 13.
LaTeX Font Info:    Overwriting symbol font `letters' in version `normal'
(Font)                  OML/cmm/m/it --> OML/lmm/m/it on input line 14.
LaTeX Font Info:    Overwriting symbol font `symbols' in version `normal'
(Font)                  OMS/cmsy/m/n --> OMS/lmsy/m/n on input line 15.
LaTeX Font Info:    Overwriting symbol font `largesymbols' in version `normal'
(Font)                  OMX/cmex/m/n --> OMX/lmex/m/n on input line 16.
LaTeX Font Info:    Overwriting symbol font `operators' in version `bold'
(Font)                  OT1/cmr/bx/n --> OT1/lmr/bx/n on input line 17.
LaTeX Font Info:    Overwriting symbol font `letters' in version `bold'
(Font)                  OML/cmm/b/it --> OML/lmm/b/it on input line 18.
LaTeX Font Info:    Overwriting symbol font `symbols' in version `bold'
(Font)                  OMS/cmsy/b/n --> OMS/lmsy/b/n on input line 19.
LaTeX Font Info:    Overwriting symbol font `largesymbols' in version `bold'
(Font)                  OMX/cmex/m/n --> OMX/lmex/m/n on input line 20.
LaTeX Font Info:    Overwriting math alphabet `\mathbf' in version `normal'
(Font)                  OT1/cmr/bx/n --> OT1/lmr/bx/n on input line 22.
LaTeX Font Info:    Overwriting math alphabet `\mathsf' in version `normal'
(Font)                  OT1/cmss/m/n --> OT1/lmss/m/n on input line 23.
LaTeX Font Info:    Overwriting math alphabet `\mathit' in version `normal'
(Font)                  OT1/cmr/m/it --> OT1/lmr/m/it on input line 24.
LaTeX Font Info:    Overwriting math alphabet `\mathtt' in version `normal'
(Font)                  OT1/cmtt/m/n --> OT1/lmtt/m/n on input line 25.
LaTeX Font Info:    Overwriting math alphabet `\mathbf' in version `bold'
(Font)                  OT1/cmr/bx/n --> OT1/lmr/bx/n on input line 26.
LaTeX Font Info:    Overwriting math alphabet `\mathsf' in version `bold'
(Font)                  OT1/cmss/bx/n --> OT1/lmss/bx/n on input line 27.
LaTeX Font Info:    Overwriting math alphabet `\mathit' in version `bold'
(Font)                  OT1/cmr/bx/it --> OT1/lmr/bx/it on input line 28.
LaTeX Font Info:    Overwriting math alphabet `\mathtt' in version `bold'
(Font)                  OT1/cmtt/m/n --> OT1/lmtt/m/n on input line 29.
)
(/usr/share/texmf/tex/latex/stmaryrd/stmaryrd.sty
Package: stmaryrd 1994/03/03 St Mary's Road symbol package
\symstmry=\mathgroup7
LaTeX Font Info:    Overwriting symbol font `stmry' in version `bold'
(Font)                  U/stmry/m/n --> U/stmry/b/n on input line 89.
)
(/usr/share/texmf/tex/latex/shadethm/shadethm.sty
Package: shadethm 1999/11/23
\saveparindent=\skip68
\shadeboxsep=\skip69
\shadeboxrule=\skip70
\shadedtextwidth=\skip71
\shadeleftshift=\skip72
\shaderightshift=\skip73
\shadesavebox=\box34
)
\c@shadedefinition=\count133
\c@shadetheorem=\count134
\c@lemma=\count135
\c@proposition=\count136
\c@corollary=\count137
\c@observation=\count138
\c@fact=\count139
\c@remark=\count140
\c@example=\count141
\c@beh=\count142

(./mitschrieb_geotopo_uebung.aux)
\openout1 = `mitschrieb_geotopo_uebung.aux'.

LaTeX Font Info:    Checking defaults for OML/cmm/m/it on input line 99.
LaTeX Font Info:    ... okay on input line 99.
LaTeX Font Info:    Checking defaults for T1/cmr/m/n on input line 99.
LaTeX Font Info:    ... okay on input line 99.
LaTeX Font Info:    Checking defaults for OT1/cmr/m/n on input line 99.
LaTeX Font Info:    ... okay on input line 99.
LaTeX Font Info:    Checking defaults for OMS/cmsy/m/n on input line 99.
LaTeX Font Info:    ... okay on input line 99.
LaTeX Font Info:    Checking defaults for OMX/cmex/m/n on input line 99.
LaTeX Font Info:    ... okay on input line 99.
LaTeX Font Info:    Checking defaults for U/cmr/m/n on input line 99.
LaTeX Font Info:    ... okay on input line 99.
LaTeX Font Info:    Checking defaults for PD1/pdf/m/n on input line 99.
LaTeX Font Info:    ... okay on input line 99.
LaTeX Font Info:    Try loading font information for T1+lmr on input line 99.
 (/usr/share/texmf/tex/latex/lm/t1lmr.fd
File: t1lmr.fd 2007/01/14 v1.3 Font defs for Latin Modern
)

bibgerm.sty: babel.sty detected

(/usr/share/texmf/tex/latex/ragged2e/ragged2e.sty
Package: ragged2e 2003/03/25 v2.04 ragged2e Package (MS)

(/usr/share/texmf/tex/latex/everysel/everysel.sty
Package: everysel 1999/06/08 v1.03 EverySelectfont Package (MS)
LaTeX Info: Redefining \selectfont on input line 125.
)
\CenteringLeftskip=\skip74
\RaggedLeftLeftskip=\skip75
\RaggedRightLeftskip=\skip76
\CenteringRightskip=\skip77
\RaggedLeftRightskip=\skip78
\RaggedRightRightskip=\skip79
\CenteringParfillskip=\skip80
\RaggedLeftParfillskip=\skip81
\RaggedRightParfillskip=\skip82
\JustifyingParfillskip=\skip83
\CenteringParindent=\skip84
\RaggedLeftParindent=\skip85
\RaggedRightParindent=\skip86
\JustifyingParindent=\skip87
)
Package caption Info: hyperref package v6.74m (or newer) detected on input line
 99.
Package caption Info: subref 1.2 or 1.3 detected on input line 99.
LaTeX Info: Redefining \subref on input line 99.
Package hyperref Info: Link coloring ON on input line 99.

(/usr/share/texmf/tex/latex/hyperref/nameref.sty
Package: nameref 2006/12/27 v2.28 Cross-referencing by name of section

(/usr/share/texmf/tex/latex/oberdiek/refcount.sty
Package: refcount 2006/02/20 v3.0 Data extraction from references (HO)
)
\c@section@level=\count143
)
LaTeX Info: Redefining \ref on input line 99.
LaTeX Info: Redefining \pageref on input line 99.

(./mitschrieb_geotopo_uebung.out) (./mitschrieb_geotopo_uebung.out)
\@outlinefile=\write4
\openout4 = `mitschrieb_geotopo_uebung.out'.


<torus2.pdf, id=163, 241.73793pt x 175.65433pt>
File: torus2.pdf Graphic file (type pdf)
 <use torus2.pdf> [1

{/usr/share/texmf/fonts/map/pdftex/updmap/pdftex.map} <./torus2.pdf

pdfTeX warning: pdflatex (file ./torus2.pdf): PDF inclusion: Page Group detecte
d which pdfTeX can't handle. Ignoring it.
>] (./mitschrieb_geotopo_uebung.toc
LaTeX Font Info:    Try loading font information for OT1+lmr on input line 4.
 (/usr/share/texmf/tex/latex/lm/ot1lmr.fd
File: ot1lmr.fd 2007/01/14 v1.3 Font defs for Latin Modern
)
LaTeX Font Info:    Try loading font information for OML+lmm on input line 4.

(/usr/share/texmf/tex/latex/lm/omllmm.fd
File: omllmm.fd 2007/01/14 v1.3 Font defs for Latin Modern
)
LaTeX Font Info:    Try loading font information for OMS+lmsy on input line 4.

(/usr/share/texmf/tex/latex/lm/omslmsy.fd
File: omslmsy.fd 2007/01/14 v1.3 Font defs for Latin Modern
)
LaTeX Font Info:    Try loading font information for OMX+lmex on input line 4.

(/usr/share/texmf/tex/latex/lm/omxlmex.fd
File: omxlmex.fd 2007/01/14 v1.3 Font defs for Latin Modern
)
LaTeX Font Info:    External font `lmex10' loaded for size
(Font)              <10.95> on input line 4.
LaTeX Font Info:    External font `lmex10' loaded for size
(Font)              <8> on input line 4.
LaTeX Font Info:    External font `lmex10' loaded for size
(Font)              <6> on input line 4.
LaTeX Font Info:    Try loading font information for U+msa on input line 4.

(/usr/share/texmf/tex/latex/amsfonts/umsa.fd
File: umsa.fd 2002/01/19 v2.2g AMS font definitions
)
LaTeX Font Info:    Try loading font information for U+msb on input line 4.

(/usr/share/texmf/tex/latex/amsfonts/umsb.fd
File: umsb.fd 2002/01/19 v2.2g AMS font definitions
)
LaTeX Font Info:    Try loading font information for U+stmry on input line 4.

(/usr/share/texmf/tex/latex/stmaryrd/Ustmry.fd)pdfTeX warning (ext4): destinati
on with the same identifier (name{page.1}) has been already used, duplicate ign
ored
<to be read again> 
                   \relax 
l.46 ...{\numberline {8}19.12.2011}{29}{chapter.8}
                                                   [1

])
\tf@toc=\write5
\openout5 = `mitschrieb_geotopo_uebung.toc'.

 [2]
Kapitel 1.
LaTeX Font Info:    Try loading font information for OMS+lmr on input line 141.

(/usr/share/texmf/tex/latex/lm/omslmr.fd
File: omslmr.fd 2007/01/14 v1.3 Font defs for Latin Modern
)
LaTeX Font Info:    Font shape `OMS/lmr/m/n' in size <10.95> not available
(Font)              Font shape `OMS/lmsy/m/n' tried instead on input line 141.
 [3

]
LaTeX Font Info:    External font `lmex10' loaded for size
(Font)              <14.4> on input line 168.
LaTeX Font Info:    External font `lmex10' loaded for size
(Font)              <10> on input line 168.
LaTeX Font Info:    External font `lmex10' loaded for size
(Font)              <7> on input line 168.


Package hyperref Warning: Token not allowed in a PDFDocEncoded string,
(hyperref)                removing `math shift' on input line 168.


Package hyperref Warning: Token not allowed in a PDFDocEncoded string,
(hyperref)                removing `math shift' on input line 168.


Package hyperref Warning: Token not allowed in a PDFDocEncoded string,
(hyperref)                removing `math shift' on input line 168.


Package hyperref Warning: Token not allowed in a PDFDocEncoded string,
(hyperref)                removing `superscript' on input line 168.


Package hyperref Warning: Token not allowed in a PDFDocEncoded string,
(hyperref)                removing `math shift' on input line 168.


Underfull \hbox (badness 10000) in paragraph at lines 207--208
[]\T1/lmr/bx/n/10.95 Definition 1.2. []\T1/lmr/m/n/10.95 Sei-en $\OML/lmm/m/it/
10.95 X; Y$ \T1/lmr/m/n/10.95 to-po-lo-gi-sche Räu-me. $\OML/lmm/m/it/10.95 X$ 
\T1/lmr/m/n/10.95 heiÿt
 []


Underfull \hbox (badness 1946) in paragraph at lines 207--208
[]$\T1/lmr/m/n/10.95 , falls es ste-ti-ge Ab-bil-dun-gen $\OML/lmm/m/it/10.95 f
 [] [] X \OMS/lmsy/m/n/10.95 ! \OML/lmm/m/it/10.95 Y$
 []

[4] [5]
Kapitel 2.
<images/Universell_Diagramm.jpg, id=258, 306.4248pt x 250.536pt>
File: images/Universell_Diagramm.jpg Graphic file (type jpg)

<use images/Universell_Diagramm.jpg> [6

 <./images/Universell_Diagramm.jpg>]
Underfull \hbox (badness 10000) in paragraph at lines 275--292

 []

<images/0_1_nach_S1_f_stetig.jpg, id=266, 673.5564pt x 363.759pt>
File: images/0_1_nach_S1_f_stetig.jpg Graphic file (type jpg)

<use images/0_1_nach_S1_f_stetig.jpg>
LaTeX Font Info:    External font `lmex10' loaded for size
(Font)              <9> on input line 295.
LaTeX Font Info:    External font `lmex10' loaded for size
(Font)              <5> on input line 295.

<images/0_1_nach_S1_f-1_nicht_stetig.jpg, id=267, 648.021pt x 356.0502pt>
File: images/0_1_nach_S1_f-1_nicht_stetig.jpg Graphic file (type jpg)

<use images/0_1_nach_S1_f-1_nicht_stetig.jpg>
Overfull \hbox (180.0pt too wide) in paragraph at lines 295--297
 [][][][][][] 
 []

[7 <./images/0_1_nach_S1_f_stetig.jpg> <./images/0_1_nach_S1_f-1_nicht_stetig.j
pg>]pdfTeX warning (ext4): destination with the same identifier (name{subfigure
.2.1.1}) has been already used, duplicate ignored
<to be read again> 
                   \relax 
l.307 \subfloat
               [Iteration 1]{\includegraphics[width=0.4\textwidth]{images/Pe...
<images/PeanoKurve1.jpg, id=276, 149.8097pt x 149.8097pt>
File: images/PeanoKurve1.jpg Graphic file (type jpg)

<use images/PeanoKurve1.jpg>pdfTeX warning (ext4): destination with the same id
entifier (name{subfigure.2.1.2}) has been already used, duplicate ignored
<to be read again> 
                   \relax 
l.308 \subfloat
               [Iteration 2]{\includegraphics[width=0.4\textwidth]{images/Pe...
<images/PeanoKurve2.jpg, id=277, 149.8097pt x 149.8097pt>
File: images/PeanoKurve2.jpg Graphic file (type jpg)

<use images/PeanoKurve2.jpg>
LaTeX Font Info:    External font `lmex10' loaded for size
(Font)              <12> on input line 318.
 [8 <./images/PeanoKurve1.jpg> <./images/PeanoKurve2.jpg>]
Kapitel 3.

Underfull \hbox (badness 7722) in paragraph at lines 360--361
[]$[]$ \T1/lmr/m/n/10.95 Teil-men-gen eu-kli-di-scher,
 []

[9

] <images/Sinuseinsdurchx.png, id=296, 803.0pt x 342.27875pt>
File: images/Sinuseinsdurchx.png Graphic file (type png)

<use images/Sinuseinsdurchx.png> [10] [11 <./images/Sinuseinsdurchx.png>]
Kapitel 4.
<images/Kartenwechsel.jpg, id=318, 615.2586pt x 486.618pt>
File: images/Kartenwechsel.jpg Graphic file (type jpg)

<use images/Kartenwechsel.jpg> [12

]
Underfull \hbox (badness 2961) in paragraph at lines 469--470
[]\T1/lmr/m/n/10.95 Für den Kar-ten-wech-sel gilt: $\OML/lmm/m/it/10.95 id[] \O
MS/lmsy/m/n/10.95 ^^N \OML/lmm/m/it/10.95 id[] [] [] \OT1/lmr/m/n/10.95 (\OML/l
mm/m/it/10.95 a; b\OT1/lmr/m/n/10.95 ) \OMS/lmsy/m/n/10.95 !
 []

<images/S1.jpg, id=329, 364.7226pt x 363.759pt>
File: images/S1.jpg Graphic file (type jpg)
 <use images/S1.jpg> [13 <./images/Kartenwechsel.jpg> <./images/S1.jpg>]
<images/Stereographie.jpg, id=334, 590.6868pt x 331.4784pt>
File: images/Stereographie.jpg Graphic file (type jpg)

<use images/Stereographie.jpg>
Underfull \hbox (badness 10000) in paragraph at lines 497--499
\T1/lmr/m/n/10.95 und dies ist tat-säch-lich ein $\OML/lmm/m/it/10.95 C[]\OMS/l
msy/m/n/10.95 ^^@$\T1/lmr/m/n/10.95 Diffeomorphismus[]
 []

[14 <./images/Stereographie.jpg>] [15]
Kapitel 5.

Underfull \hbox (badness 10000) in paragraph at lines 547--551
[]\T1/lmr/bx/n/10.95 Satz 5.1. []$\OML/lmm/m/it/10.95 C[]$\T1/lmr/m/n/10.95 -Un
termannigfaltigkeiten von $\U/msb/m/n/10.95 R[]$ \T1/lmr/m/n/10.95 sind $\OML/l
mm/m/it/10.95 C[]$\T1/lmr/m/n/10.95 -
 []


Underfull \hbox (badness 5203) in paragraph at lines 547--551
\T1/lmr/m/n/10.95 Mannigfaltigkeiten Es sei $\OML/lmm/m/it/10.95 M \OMS/lmsy/m/
n/10.95 ^^R \U/msb/m/n/10.95 R[]$ \T1/lmr/m/n/10.95 ei-ne $\OML/lmm/m/it/10.95 
n$\T1/lmr/m/n/10.95 -dimensionale $\OML/lmm/m/it/10.95 C[]$\T1/lmr/m/n/10.95 -
 []


Underfull \hbox (badness 1776) in paragraph at lines 547--551
\T1/lmr/m/n/10.95 Untermannigfaltigkeit von $\U/msb/m/n/10.95 R[]$\T1/lmr/m/n/1
0.95 , ver-se-hen mit der Teil-raum-to-po-lo-gie,
 []

[16

]
Underfull \hbox (badness 2158) in paragraph at lines 582--589
\T1/lmr/m/n/10.95 Sei $\OML/lmm/m/it/10.95 x[] \OMS/lmsy/m/n/10.95 2 \OML/lmm/m
/it/10.95 f[]\OT1/lmr/m/n/10.95 (\OML/lmm/m/it/10.95 c\OT1/lmr/m/n/10.95 )$\T1/
lmr/m/n/10.95 . Da Rang $\OML/lmm/m/it/10.95 Df\OT1/lmr/m/n/10.95 (\OML/lmm/m/i
t/10.95 x[]\OT1/lmr/m/n/10.95 ) = \OML/lmm/m/it/10.95 l$\T1/lmr/m/n/10.95 , exi
s-tiert ei-ne $\OT1/lmr/m/n/10.95 (\OML/lmm/m/it/10.95 l \OMS/lmsy/m/n/10.95 ^^
B \OML/lmm/m/it/10.95 l\OT1/lmr/m/n/10.95 )$\T1/lmr/m/n/10.95 -
 []

<images/Zylinder.jpg, id=352, 574.3056pt x 529.4982pt>
File: images/Zylinder.jpg Graphic file (type jpg)

<use images/Zylinder.jpg> [17]
<images/Helix.jpg, id=359, 574.3056pt x 479.8728pt>
File: images/Helix.jpg Graphic file (type jpg)
 <use images/Helix.jpg>
[18 <./images/Zylinder.jpg> <./images/Helix.jpg>]
<images/Torus_Rotation.jpg, id=368, 574.3056pt x 479.8728pt>
File: images/Torus_Rotation.jpg Graphic file (type jpg)

<use images/Torus_Rotation.jpg> [19 <./images/Torus_Rotation.jpg>] [20]
Kapitel 6.

Overfull \hbox (56.6694pt too wide) in paragraph at lines 653--654
 \T1/lmr/bx/n/10.95 De-fi-ni-ti-on[] \T1/lmr/m/n/10.95 Für zwei to-po-lo-gi-sch
e Räu-me $\OML/lmm/m/it/10.95 X; Y$ \T1/lmr/m/n/10.95 heiÿt ei-ne $[]$
 []

[21

] [22] <images/sternfoermig.jpg, id=397, 376.7676pt x 377.2494pt>
File: images/sternfoermig.jpg Graphic file (type jpg)

<use images/sternfoermig.jpg>
<images/Deformationsretrakt_S1_D2.jpg, id=398, 486.618pt x 453.8556pt>
File: images/Deformationsretrakt_S1_D2.jpg Graphic file (type jpg)

<use images/Deformationsretrakt_S1_D2.jpg> [23 <./images/sternfoermig.jpg>]
[24 <./images/Deformationsretrakt_S1_D2.jpg>]
Kapitel 7.
[25

] [26] <images/S1_nichttrivialer_Weg.jpg, id=433, 362.3136pt x 361.35pt>
File: images/S1_nichttrivialer_Weg.jpg Graphic file (type jpg)

<use images/S1_nichttrivialer_Weg.jpg>
<images/Moebiusband.jpg, id=434, 669.2202pt x 376.7676pt>
File: images/Moebiusband.jpg Graphic file (type jpg)

<use images/Moebiusband.jpg> [27 <./images/S1_nichttrivialer_Weg.jpg>] [28 <./i
mages/Moebiusband.jpg>]
Kapitel 8.
<images/2011_12_19_Bild1.jpg, id=446, 245.2362pt x 486.1362pt>
File: images/2011_12_19_Bild1.jpg Graphic file (type jpg)

<use images/2011_12_19_Bild1.jpg> [29

]
<images/2011_12_19_Bild2.jpg, id=454, 302.0886pt x 225.0006pt>
File: images/2011_12_19_Bild2.jpg Graphic file (type jpg)

<use images/2011_12_19_Bild2.jpg> [30 <./images/2011_12_19_Bild1.jpg> <./images
/2011_12_19_Bild2.jpg>]
<images/2011_12_19_Bild3.jpg, id=462, 315.579pt x 402.303pt>
File: images/2011_12_19_Bild3.jpg Graphic file (type jpg)

<use images/2011_12_19_Bild3.jpg> [31 <./images/2011_12_19_Bild3.jpg>]
<images/2011_12_19_Bild4.jpg, id=468, 646.5756pt x 426.8748pt>
File: images/2011_12_19_Bild4.jpg Graphic file (type jpg)

<use images/2011_12_19_Bild4.jpg>
<images/2011_12_19_Bild5.jpg, id=469, 704.8734pt x 271.2534pt>
File: images/2011_12_19_Bild5.jpg Graphic file (type jpg)

<use images/2011_12_19_Bild5.jpg> [32 <./images/2011_12_19_Bild4.jpg> <./images
/2011_12_19_Bild5.jpg>]
Kapitel 9.
<images/2012_01_09_Bild1.jpg, id=476, 472.6458pt x 195.6108pt>
File: images/2012_01_09_Bild1.jpg Graphic file (type jpg)

<use images/2012_01_09_Bild1.jpg>
<images/2012_01_09_Bild2.jpg, id=477, 309.3156pt x 255.354pt>
File: images/2012_01_09_Bild2.jpg Graphic file (type jpg)

<use images/2012_01_09_Bild2.jpg>
<images/2012_01_09_Bild3.jpg, id=478, 309.3156pt x 273.6624pt>
File: images/2012_01_09_Bild3.jpg Graphic file (type jpg)

<use images/2012_01_09_Bild3.jpg> [33

 <./images/2012_01_09_Bild1.jpg>] [34 <./images/2012_01_09_Bild2.jpg> <./images
/2012_01_09_Bild3.jpg>]
<images/2012_01_09_Bild4.jpg, id=493, 93.951pt x 171.039pt>
File: images/2012_01_09_Bild4.jpg Graphic file (type jpg)

<use images/2012_01_09_Bild4.jpg>
Overfull \hbox (56.6287pt too wide) in paragraph at lines 1019--1022
\T1/lmr/m/n/10.95 überlagerte Um-ge-bung von $\OML/lmm/m/it/10.95 ^^Y\OT1/lmr/m
/n/10.95 (\OML/lmm/m/it/10.95 x\OT1/lmr/m/n/10.95 )$ \T1/lmr/m/n/10.95 in $\OML
/lmm/m/it/10.95 X=[]$ \T1/lmr/m/n/10.95 (da $\OML/lmm/m/it/10.95 ^^Y[]\OT1/lmr/
m/n/10.95 (\OML/lmm/m/it/10.95 V\OT1/lmr/m/n/10.95 ) = [] [][]$\T1/lmr/m/n/10.9
5 .) 
 []

[35 <./images/2012_01_09_Bild4.jpg>]
Underfull \hbox (badness 1946) in paragraph at lines 1039--1040
[]\T1/lmr/bx/n/10.95 Definition 9.4 \T1/lmr/m/n/10.95 (re-gu-lä-re/normale Über
-la-ge-rung)\T1/lmr/bx/n/10.95 . []\T1/lmr/m/n/10.95 Ei-ne Über-la-ge-rung
 []

[36] [37]
Kapitel 10.

Underfull \hbox (badness 10000) in paragraph at lines 1094--1095

 []

[38

] [39]
Underfull \hbox (badness 10000) in paragraph at lines 1148--1151

 []


Underfull \hbox (badness 10000) in paragraph at lines 1148--1151

 []

[40]
Kapitel 11.
<images/2012_01_30_Bild1.jpg, id=545, 1069.1142pt x 503.9628pt>
File: images/2012_01_30_Bild1.jpg Graphic file (type jpg)

<use images/2012_01_30_Bild1.jpg> [41

 <./images/2012_01_30_Bild1.jpg>]
<images/2012_01_30_Bild2.jpg, id=556, 168.1482pt x 137.7948pt>
File: images/2012_01_30_Bild2.jpg Graphic file (type jpg)

<use images/2012_01_30_Bild2.jpg>
<images/2012_01_30_Bild3.jpg, id=557, 424.9476pt x 344.487pt>
File: images/2012_01_30_Bild3.jpg Graphic file (type jpg)

<use images/2012_01_30_Bild3.jpg>
<images/2012_01_30_Bild4.jpg, id=558, 925.5378pt x 502.5174pt>
File: images/2012_01_30_Bild4.jpg Graphic file (type jpg)

<use images/2012_01_30_Bild4.jpg> [42 <./images/2012_01_30_Bild2.jpg> <./images
/2012_01_30_Bild3.jpg> <./images/2012_01_30_Bild4.jpg>]
<images/2012_01_30_Bild5.jpg, id=564, 688.0104pt x 348.8232pt>
File: images/2012_01_30_Bild5.jpg Graphic file (type jpg)

<use images/2012_01_30_Bild5.jpg>
<images/2012_01_30_Bild6.jpg, id=565, 675.4836pt x 489.027pt>
File: images/2012_01_30_Bild6.jpg Graphic file (type jpg)

<use images/2012_01_30_Bild6.jpg>
Overfull \hbox (48.27342pt too wide) detected at line 1234
\OML/lmm/m/it/10.95 cc\OT1/lmr/m/n/10.95 (\OML/lmm/m/it/10.95 ab\OT1/lmr/m/n/10
.95 )(\OML/lmm/m/it/10.95 a[]b[]\OT1/lmr/m/n/10.95 ) [] [](\OML/lmm/m/it/10.95 
ab\OT1/lmr/m/n/10.95 )[][](\OML/lmm/m/it/10.95 a[]b[]\OT1/lmr/m/n/10.95 ) [] []
\OML/lmm/m/it/10.95 b[]a[][]\OT1/lmr/m/n/10.95 (\OML/lmm/m/it/10.95 a[]b[]\OT1/
lmr/m/n/10.95 ) = \OML/lmm/m/it/10.95 b[]a[][]a[]b[][]
 []


Package hyperref Warning: Token not allowed in a PDFDocEncoded string,
(hyperref)                removing `math shift' on input line 1240.


Package hyperref Warning: Token not allowed in a PDFDocEncoded string,
(hyperref)                removing `superscript' on input line 1240.


Package hyperref Warning: Token not allowed in a PDFDocEncoded string,
(hyperref)                removing `math shift' on input line 1240.

[43 <./images/2012_01_30_Bild5.jpg> <./images/2012_01_30_Bild6.jpg>]
Overfull \hbox (9.28935pt too wide) detected at line 1257
\OML/lmm/m/it/10.95 A \OT1/lmr/m/n/10.95 = [][] [] = 2\OML/lmm/m/it/10.95 ^^Y [
] [] \OT1/lmr/m/n/10.95 = 2\OML/lmm/m/it/10.95 ^^Y [] \OT1/lmr/m/n/10.95 = 4\OM
L/lmm/m/it/10.95 ^^Y:
 []

[44]
Kapitel 12.

Overfull \hbox (27.37506pt too wide) in paragraph at lines 1278--1278
[][] 
 []

[45

] <images/2012_02_06_Bild1.jpg, id=585, 578.16pt x 449.68pt>
File: images/2012_02_06_Bild1.jpg Graphic file (type jpg)

<use images/2012_02_06_Bild1.jpg>

Package Fancyhdr Warning: \headheight is too small (14.0pt): 
 Make it at least 25.14491pt.
 We now make it that large for the rest of the document.
 This may cause the page layout to be inconsistent, however.

[46 <./images/2012_02_06_Bild1.jpg>]
<images/2012_02_06_Bild2.jpg, id=592, 449.68pt x 449.68pt>
File: images/2012_02_06_Bild2.jpg Graphic file (type jpg)

<use images/2012_02_06_Bild2.jpg>
<images/2012_02_06_Bild3.jpg, id=593, 513.92pt x 192.72pt>
File: images/2012_02_06_Bild3.jpg Graphic file (type jpg)

<use images/2012_02_06_Bild3.jpg>

Package Fancyhdr Warning: \headheight is too small (14.0pt): 
 Make it at least 25.14491pt.
 We now make it that large for the rest of the document.
 This may cause the page layout to be inconsistent, however.

[47 <./images/2012_02_06_Bild2.jpg> <./images/2012_02_06_Bild3.jpg>]

Package Fancyhdr Warning: \headheight is too small (14.0pt): 
 Make it at least 25.14491pt.
 We now make it that large for the rest of the document.
 This may cause the page layout to be inconsistent, however.

[48] (./mitschrieb_geotopo_uebung.aux) ) 
Here is how much of TeX's memory you used:
 9588 strings out of 256216
 143465 string characters out of 1917072
 213003 words of memory out of 1500000
 12290 multiletter control sequences out of 10000+200000
 95696 words of font info for 96 fonts, out of 1200000 for 2000
 645 hyphenation exceptions out of 8191
 45i,15n,61p,445b,642s stack positions out of 5000i,500n,6000p,200000b,15000s
{/usr/share/texmf/fonts/enc/dvips/lm/lm
-rm.enc}{/usr/share/texmf/fonts/enc/dvips/lm/lm-mathit.enc}{/usr/share/texmf/fo
nts/enc/dvips/lm/lm-mathsy.enc}{/usr/share/texmf/fonts/enc/dvips/lm/lm-ec.enc}{
/usr/share/texmf/fonts/enc/dvips/lm/lm-mathex.enc}</usr/share/texmf/fonts/type1
/public/lm/lmbx10.pfb></usr/share/texmf/fonts/type1/public/lm/lmbx12.pfb></usr/
share/texmf/fonts/type1/public/lm/lmex10.pfb></usr/share/texmf/fonts/type1/publ
ic/lm/lmmi10.pfb></usr/share/texmf/fonts/type1/public/lm/lmmi12.pfb></usr/share
/texmf/fonts/type1/public/lm/lmmi6.pfb></usr/share/texmf/fonts/type1/public/lm/
lmmi8.pfb></usr/share/texmf/fonts/type1/public/lm/lmmi9.pfb></usr/share/texmf/f
onts/type1/public/lm/lmr10.pfb></usr/share/texmf/fonts/type1/public/lm/lmr12.pf
b></usr/share/texmf/fonts/type1/public/lm/lmr6.pfb></usr/share/texmf/fonts/type
1/public/lm/lmr8.pfb></usr/share/texmf/fonts/type1/public/lm/lmr9.pfb></usr/sha
re/texmf/fonts/type1/public/lm/lmri10.pfb></usr/share/texmf/fonts/type1/public/
lm/lmsy10.pfb></usr/share/texmf/fonts/type1/public/lm/lmsy6.pfb></usr/share/tex
mf/fonts/type1/public/lm/lmsy8.pfb></usr/share/texmf/fonts/type1/public/lm/lmsy
9.pfb></usr/share/texmf/fonts/type1/bluesky/ams/msbm10.pfb></usr/share/texmf/fo
nts/type1/bluesky/ams/msbm7.pfb></usr/share/texmf/fonts/type1/hoekwater/stmaryr
d/stmary10.pfb>
Output written on mitschrieb_geotopo_uebung.pdf (49 pages, 1976696 bytes).
PDF statistics:
 733 PDF objects out of 1000 (max. 8388607)
 220 named destinations out of 1000 (max. 131072)
 504 words of extra memory for PDF output out of 10000 (max. 10000000)

